<?xml version="1.0" encoding="UTF-8"?>
<testng-results ignored="0" total="2" passed="2" failed="0" skipped="0">
  <reporter-output>
  </reporter-output>
  <suite started-at="2023-06-25T14:33:53 IST" name="Suite" finished-at="2023-06-25T14:34:08 IST" duration-ms="14524">
    <groups>
    </groups>
    <test started-at="2023-06-25T14:33:53 IST" name="Edge Test" finished-at="2023-06-25T14:34:06 IST" duration-ms="12610">
      <class name="org.Testcase.AutomationExercises.AutomationTestCase3">
        <test-method is-config="true" signature="setup1(java.lang.String)[pri:0, instance:org.Testcase.AutomationExercises.AutomationTestCase3@21e360a]" started-at="2023-06-25T14:33:53 IST" name="setup1" finished-at="2023-06-25T14:34:03 IST" duration-ms="9149" status="PASS">
          <params>
            <param index="0">
              <value>
                <![CDATA[6666]]>
              </value>
            </param>
          </params>
          <reporter-output>
          </reporter-output>
        </test-method> <!-- setup1 -->
        <test-method signature="scenarioDemo()[pri:0, instance:org.Testcase.AutomationExercises.AutomationTestCase3@21e360a]" started-at="2023-06-25T14:34:03 IST" name="scenarioDemo" finished-at="2023-06-25T14:34:06 IST" duration-ms="3400" status="PASS">
          <reporter-output>
          </reporter-output>
        </test-method> <!-- scenarioDemo -->
      </class> <!-- org.Testcase.AutomationExercises.AutomationTestCase3 -->
    </test> <!-- Edge Test -->
    <test started-at="2023-06-25T14:33:53 IST" name="Chrome Test" finished-at="2023-06-25T14:34:08 IST" duration-ms="14524">
      <class name="org.Testcase.AutomationExercises.AutomationTestCase3">
        <test-method is-config="true" signature="setup1(java.lang.String)[pri:0, instance:org.Testcase.AutomationExercises.AutomationTestCase3@662b4c69]" started-at="2023-06-25T14:33:53 IST" name="setup1" finished-at="2023-06-25T14:34:04 IST" duration-ms="10864" status="PASS">
          <params>
            <param index="0">
              <value>
                <![CDATA[5555]]>
              </value>
            </param>
          </params>
          <reporter-output>
          </reporter-output>
        </test-method> <!-- setup1 -->
        <test-method signature="scenarioDemo()[pri:0, instance:org.Testcase.AutomationExercises.AutomationTestCase3@662b4c69]" started-at="2023-06-25T14:34:04 IST" name="scenarioDemo" finished-at="2023-06-25T14:34:08 IST" duration-ms="3632" status="PASS">
          <reporter-output>
          </reporter-output>
        </test-method> <!-- scenarioDemo -->
      </class> <!-- org.Testcase.AutomationExercises.AutomationTestCase3 -->
    </test> <!-- Chrome Test -->
  </suite> <!-- Suite -->
</testng-results>
